0 info it worked if it ends with ok
1 verbose cli [ 'C:\\Program Files\\nodejs\\node.exe',
1 verbose cli   'C:\\Program Files\\nodejs\\node_modules\\npm\\bin\\npm-cli.js',
1 verbose cli   'install' ]
2 info using npm@3.10.10
3 info using node@v6.11.3
4 silly loadCurrentTree Starting
5 silly install loadCurrentTree
6 silly install readLocalPackageData
7 silly install normalizeTree
8 silly loadCurrentTree Finishing
9 silly loadIdealTree Starting
10 silly install loadIdealTree
11 silly cloneCurrentTree Starting
12 silly install cloneCurrentTreeToIdealTree
13 silly cloneCurrentTree Finishing
14 silly loadShrinkwrap Starting
15 silly install loadShrinkwrap
16 silly loadShrinkwrap Finishing
17 silly loadAllDepsIntoIdealTree Starting
18 silly install loadAllDepsIntoIdealTree
19 silly fetchNamedPackageData onoff
20 silly mapToRegistry name onoff
21 silly mapToRegistry using default registry
22 silly mapToRegistry registry https://registry.npmjs.org/
23 silly mapToRegistry data Result {
23 silly mapToRegistry   raw: 'onoff',
23 silly mapToRegistry   scope: null,
23 silly mapToRegistry   escapedName: 'onoff',
23 silly mapToRegistry   name: 'onoff',
23 silly mapToRegistry   rawSpec: '',
23 silly mapToRegistry   spec: 'latest',
23 silly mapToRegistry   type: 'tag' }
24 silly mapToRegistry uri https://registry.npmjs.org/onoff
25 verbose request uri https://registry.npmjs.org/onoff
26 verbose request no auth needed
27 info attempt registry request try #1 at 11:49:21 PM
28 verbose request id e001d83d2caddc50
29 verbose etag "5a804262-cdef"
30 verbose lastModified Sun, 11 Feb 2018 13:17:22 GMT
31 http request GET https://registry.npmjs.org/onoff
32 http 304 https://registry.npmjs.org/onoff
33 verbose headers { date: 'Sun, 18 Feb 2018 15:49:23 GMT',
33 verbose headers   via: '1.1 varnish',
33 verbose headers   'cache-control': 'max-age=300',
33 verbose headers   etag: '"5a804262-cdef"',
33 verbose headers   age: '0',
33 verbose headers   connection: 'keep-alive',
33 verbose headers   'x-served-by': 'cache-bur17523-BUR',
33 verbose headers   'x-cache': 'MISS',
33 verbose headers   'x-cache-hits': '0',
33 verbose headers   'x-timer': 'S1518968963.323508,VS0,VE145',
33 verbose headers   vary: 'Accept-Encoding, Accept' }
34 silly get cb [ 304,
34 silly get   { date: 'Sun, 18 Feb 2018 15:49:23 GMT',
34 silly get     via: '1.1 varnish',
34 silly get     'cache-control': 'max-age=300',
34 silly get     etag: '"5a804262-cdef"',
34 silly get     age: '0',
34 silly get     connection: 'keep-alive',
34 silly get     'x-served-by': 'cache-bur17523-BUR',
34 silly get     'x-cache': 'MISS',
34 silly get     'x-cache-hits': '0',
34 silly get     'x-timer': 'S1518968963.323508,VS0,VE145',
34 silly get     vary: 'Accept-Encoding, Accept' } ]
35 verbose etag https://registry.npmjs.org/onoff from cache
36 verbose get saving onoff to C:\Users\Hannah\AppData\Roaming\npm-cache\registry.npmjs.org\onoff\.cache.json
37 verbose correctMkdir C:\Users\Hannah\AppData\Roaming\npm-cache correctMkdir not in flight; initializing
38 silly resolveWithNewModule onoff@1.2.0 checking installable status
39 silly cache add args [ 'onoff@^1.1.8', null ]
40 verbose cache add spec onoff@^1.1.8
41 silly cache add parsed spec Result {
41 silly cache add   raw: 'onoff@^1.1.8',
41 silly cache add   scope: null,
41 silly cache add   escapedName: 'onoff',
41 silly cache add   name: 'onoff',
41 silly cache add   rawSpec: '^1.1.8',
41 silly cache add   spec: '>=1.1.8 <2.0.0',
41 silly cache add   type: 'range' }
42 silly addNamed onoff@>=1.1.8 <2.0.0
43 verbose addNamed ">=1.1.8 <2.0.0" is a valid semver range for onoff
44 silly addNameRange { name: 'onoff', range: '>=1.1.8 <2.0.0', hasData: false }
45 silly mapToRegistry name onoff
46 silly mapToRegistry using default registry
47 silly mapToRegistry registry https://registry.npmjs.org/
48 silly mapToRegistry data Result {
48 silly mapToRegistry   raw: 'onoff',
48 silly mapToRegistry   scope: null,
48 silly mapToRegistry   escapedName: 'onoff',
48 silly mapToRegistry   name: 'onoff',
48 silly mapToRegistry   rawSpec: '',
48 silly mapToRegistry   spec: 'latest',
48 silly mapToRegistry   type: 'tag' }
49 silly mapToRegistry uri https://registry.npmjs.org/onoff
50 verbose addNameRange registry:https://registry.npmjs.org/onoff not in flight; fetching
51 verbose get https://registry.npmjs.org/onoff not expired, no request
52 silly addNameRange number 2 { name: 'onoff', range: '>=1.1.8 <2.0.0', hasData: true }
53 silly addNameRange versions [ 'onoff',
53 silly addNameRange   [ '0.0.1',
53 silly addNameRange     '0.1.0',
53 silly addNameRange     '0.1.2',
53 silly addNameRange     '0.1.3',
53 silly addNameRange     '0.1.4',
53 silly addNameRange     '0.1.5',
53 silly addNameRange     '0.1.6',
53 silly addNameRange     '0.1.7',
53 silly addNameRange     '0.2.0',
53 silly addNameRange     '0.2.1',
53 silly addNameRange     '0.2.2',
53 silly addNameRange     '0.2.3',
53 silly addNameRange     '0.3.0',
53 silly addNameRange     '0.3.1',
53 silly addNameRange     '0.3.2',
53 silly addNameRange     '1.0.0',
53 silly addNameRange     '1.0.1',
53 silly addNameRange     '1.0.2',
53 silly addNameRange     '1.0.3',
53 silly addNameRange     '1.0.4',
53 silly addNameRange     '1.1.0',
53 silly addNameRange     '1.1.1',
53 silly addNameRange     '1.1.2',
53 silly addNameRange     '1.1.3',
53 silly addNameRange     '1.1.4',
53 silly addNameRange     '1.1.5',
53 silly addNameRange     '1.1.7',
53 silly addNameRange     '1.1.8',
53 silly addNameRange     '1.1.9',
53 silly addNameRange     '1.2.0' ] ]
54 silly addNamed onoff@1.2.0
55 verbose addNamed "1.2.0" is a plain semver version for onoff
56 silly mapToRegistry name onoff
57 silly mapToRegistry using default registry
58 silly mapToRegistry registry https://registry.npmjs.org/
59 silly mapToRegistry data Result {
59 silly mapToRegistry   raw: 'onoff',
59 silly mapToRegistry   scope: null,
59 silly mapToRegistry   escapedName: 'onoff',
59 silly mapToRegistry   name: 'onoff',
59 silly mapToRegistry   rawSpec: '',
59 silly mapToRegistry   spec: 'latest',
59 silly mapToRegistry   type: 'tag' }
60 silly mapToRegistry uri https://registry.npmjs.org/onoff
61 verbose addRemoteTarball https://registry.npmjs.org/onoff/-/onoff-1.2.0.tgz not in flight; adding
62 verbose addRemoteTarball [ 'https://registry.npmjs.org/onoff/-/onoff-1.2.0.tgz',
62 verbose addRemoteTarball   'f642d4e040cd57f63cac5bcee226b573a5795d12' ]
63 info retry fetch attempt 1 at 11:49:23 PM
64 info attempt registry request try #1 at 11:49:23 PM
65 http fetch GET https://registry.npmjs.org/onoff/-/onoff-1.2.0.tgz
66 http fetch 200 https://registry.npmjs.org/onoff/-/onoff-1.2.0.tgz
67 silly fetchAndShaCheck shasum f642d4e040cd57f63cac5bcee226b573a5795d12
68 verbose addTmpTarball C:\Users\Hannah\AppData\Local\Temp\npm-9540-0e1d93be\registry.npmjs.org\onoff\-\onoff-1.2.0.tgz not in flight; adding
69 verbose addTmpTarball already have metadata; skipping unpack for onoff@1.2.0
70 verbose correctMkdir C:\Users\Hannah\AppData\Roaming\npm-cache correctMkdir not in flight; initializing
71 silly cache afterAdd onoff@1.2.0
72 verbose afterAdd C:\Users\Hannah\AppData\Roaming\npm-cache\onoff\1.2.0\package\package.json not in flight; writing
73 verbose correctMkdir C:\Users\Hannah\AppData\Roaming\npm-cache correctMkdir not in flight; initializing
74 verbose afterAdd C:\Users\Hannah\AppData\Roaming\npm-cache\onoff\1.2.0\package\package.json written
75 silly fetchNamedPackageData epoll
76 silly mapToRegistry name epoll
77 silly mapToRegistry using default registry
78 silly mapToRegistry registry https://registry.npmjs.org/
79 silly mapToRegistry data Result {
79 silly mapToRegistry   raw: 'epoll',
79 silly mapToRegistry   scope: null,
79 silly mapToRegistry   escapedName: 'epoll',
79 silly mapToRegistry   name: 'epoll',
79 silly mapToRegistry   rawSpec: '',
79 silly mapToRegistry   spec: 'latest',
79 silly mapToRegistry   type: 'tag' }
80 silly mapToRegistry uri https://registry.npmjs.org/epoll
81 verbose request uri https://registry.npmjs.org/epoll
82 verbose request no auth needed
83 info attempt registry request try #1 at 11:50:01 PM
84 verbose etag "5a4115e3-b4e0"
85 verbose lastModified Mon, 25 Dec 2017 15:14:43 GMT
86 http request GET https://registry.npmjs.org/epoll
87 http 304 https://registry.npmjs.org/epoll
88 verbose headers { date: 'Sun, 18 Feb 2018 15:50:02 GMT',
88 verbose headers   via: '1.1 varnish',
88 verbose headers   'cache-control': 'max-age=300',
88 verbose headers   etag: '"5a4115e3-b4e0"',
88 verbose headers   age: '0',
88 verbose headers   connection: 'keep-alive',
88 verbose headers   'x-served-by': 'cache-bur17523-BUR',
88 verbose headers   'x-cache': 'MISS',
88 verbose headers   'x-cache-hits': '0',
88 verbose headers   'x-timer': 'S1518969002.053334,VS0,VE259',
88 verbose headers   vary: 'Accept-Encoding, Accept' }
89 silly get cb [ 304,
89 silly get   { date: 'Sun, 18 Feb 2018 15:50:02 GMT',
89 silly get     via: '1.1 varnish',
89 silly get     'cache-control': 'max-age=300',
89 silly get     etag: '"5a4115e3-b4e0"',
89 silly get     age: '0',
89 silly get     connection: 'keep-alive',
89 silly get     'x-served-by': 'cache-bur17523-BUR',
89 silly get     'x-cache': 'MISS',
89 silly get     'x-cache-hits': '0',
89 silly get     'x-timer': 'S1518969002.053334,VS0,VE259',
89 silly get     vary: 'Accept-Encoding, Accept' } ]
90 verbose etag https://registry.npmjs.org/epoll from cache
91 verbose get saving epoll to C:\Users\Hannah\AppData\Roaming\npm-cache\registry.npmjs.org\epoll\.cache.json
92 verbose correctMkdir C:\Users\Hannah\AppData\Roaming\npm-cache correctMkdir not in flight; initializing
93 silly resolveWithNewModule epoll@1.0.2 checking installable status
94 silly cache add args [ 'epoll@~1.0.2', null ]
95 verbose cache add spec epoll@~1.0.2
96 silly cache add parsed spec Result {
96 silly cache add   raw: 'epoll@~1.0.2',
96 silly cache add   scope: null,
96 silly cache add   escapedName: 'epoll',
96 silly cache add   name: 'epoll',
96 silly cache add   rawSpec: '~1.0.2',
96 silly cache add   spec: '>=1.0.2 <1.1.0',
96 silly cache add   type: 'range' }
97 silly addNamed epoll@>=1.0.2 <1.1.0
98 verbose addNamed ">=1.0.2 <1.1.0" is a valid semver range for epoll
99 silly addNameRange { name: 'epoll', range: '>=1.0.2 <1.1.0', hasData: false }
100 silly mapToRegistry name epoll
101 silly mapToRegistry using default registry
102 silly mapToRegistry registry https://registry.npmjs.org/
103 silly mapToRegistry data Result {
103 silly mapToRegistry   raw: 'epoll',
103 silly mapToRegistry   scope: null,
103 silly mapToRegistry   escapedName: 'epoll',
103 silly mapToRegistry   name: 'epoll',
103 silly mapToRegistry   rawSpec: '',
103 silly mapToRegistry   spec: 'latest',
103 silly mapToRegistry   type: 'tag' }
104 silly mapToRegistry uri https://registry.npmjs.org/epoll
105 verbose addNameRange registry:https://registry.npmjs.org/epoll not in flight; fetching
106 verbose get https://registry.npmjs.org/epoll not expired, no request
107 silly addNameRange number 2 { name: 'epoll', range: '>=1.0.2 <1.1.0', hasData: true }
108 silly addNameRange versions [ 'epoll',
108 silly addNameRange   [ '0.0.1',
108 silly addNameRange     '0.0.2',
108 silly addNameRange     '0.0.3',
108 silly addNameRange     '0.0.4',
108 silly addNameRange     '0.0.5',
108 silly addNameRange     '0.0.6',
108 silly addNameRange     '0.0.7',
108 silly addNameRange     '0.0.8',
108 silly addNameRange     '0.1.0',
108 silly addNameRange     '0.1.1',
108 silly addNameRange     '0.1.2',
108 silly addNameRange     '0.1.3',
108 silly addNameRange     '0.1.4',
108 silly addNameRange     '0.1.5',
108 silly addNameRange     '0.1.7',
108 silly addNameRange     '0.1.8',
108 silly addNameRange     '0.1.9',
108 silly addNameRange     '0.1.10',
108 silly addNameRange     '0.1.11',
108 silly addNameRange     '0.1.12',
108 silly addNameRange     '0.1.13',
108 silly addNameRange     '0.1.14',
108 silly addNameRange     '0.1.15',
108 silly addNameRange     '0.1.16',
108 silly addNameRange     '0.1.17',
108 silly addNameRange     '0.1.18',
108 silly addNameRange     '0.1.19',
108 silly addNameRange     '0.1.20',
108 silly addNameRange     '0.1.21',
108 silly addNameRange     '0.1.22',
108 silly addNameRange     '1.0.0',
108 silly addNameRange     '1.0.1',
108 silly addNameRange     '1.0.2' ] ]
109 silly addNamed epoll@1.0.2
110 verbose addNamed "1.0.2" is a plain semver version for epoll
111 silly cache afterAdd epoll@1.0.2
112 verbose afterAdd C:\Users\Hannah\AppData\Roaming\npm-cache\epoll\1.0.2\package\package.json not in flight; writing
113 verbose correctMkdir C:\Users\Hannah\AppData\Roaming\npm-cache correctMkdir not in flight; initializing
114 verbose afterAdd C:\Users\Hannah\AppData\Roaming\npm-cache\epoll\1.0.2\package\package.json written
115 silly fetchNamedPackageData bindings
116 silly mapToRegistry name bindings
117 silly mapToRegistry using default registry
118 silly mapToRegistry registry https://registry.npmjs.org/
119 silly mapToRegistry data Result {
119 silly mapToRegistry   raw: 'bindings',
119 silly mapToRegistry   scope: null,
119 silly mapToRegistry   escapedName: 'bindings',
119 silly mapToRegistry   name: 'bindings',
119 silly mapToRegistry   rawSpec: '',
119 silly mapToRegistry   spec: 'latest',
119 silly mapToRegistry   type: 'tag' }
120 silly mapToRegistry uri https://registry.npmjs.org/bindings
121 verbose request uri https://registry.npmjs.org/bindings
122 verbose request no auth needed
123 info attempt registry request try #1 at 11:50:02 PM
124 verbose etag "5a700cb7-4c53"
125 verbose lastModified Tue, 30 Jan 2018 6:12:07 GMT
126 http request GET https://registry.npmjs.org/bindings
127 http 304 https://registry.npmjs.org/bindings
128 verbose headers { date: 'Sun, 18 Feb 2018 15:50:02 GMT',
128 verbose headers   via: '1.1 varnish',
128 verbose headers   'cache-control': 'max-age=300',
128 verbose headers   etag: '"5a700cb7-4c53"',
128 verbose headers   age: '1616',
128 verbose headers   connection: 'keep-alive',
128 verbose headers   'x-served-by': 'cache-bur17523-BUR',
128 verbose headers   'x-cache': 'HIT',
128 verbose headers   'x-cache-hits': '2',
128 verbose headers   'x-timer': 'S1518969003.651400,VS0,VE0',
128 verbose headers   vary: 'Accept-Encoding, Accept' }
129 silly get cb [ 304,
129 silly get   { date: 'Sun, 18 Feb 2018 15:50:02 GMT',
129 silly get     via: '1.1 varnish',
129 silly get     'cache-control': 'max-age=300',
129 silly get     etag: '"5a700cb7-4c53"',
129 silly get     age: '1616',
129 silly get     connection: 'keep-alive',
129 silly get     'x-served-by': 'cache-bur17523-BUR',
129 silly get     'x-cache': 'HIT',
129 silly get     'x-cache-hits': '2',
129 silly get     'x-timer': 'S1518969003.651400,VS0,VE0',
129 silly get     vary: 'Accept-Encoding, Accept' } ]
130 verbose etag https://registry.npmjs.org/bindings from cache
131 verbose get saving bindings to C:\Users\Hannah\AppData\Roaming\npm-cache\registry.npmjs.org\bindings\.cache.json
132 verbose correctMkdir C:\Users\Hannah\AppData\Roaming\npm-cache correctMkdir not in flight; initializing
133 silly resolveWithNewModule bindings@1.3.0 checking installable status
134 silly cache add args [ 'bindings@~1.3.0', null ]
135 verbose cache add spec bindings@~1.3.0
136 silly cache add parsed spec Result {
136 silly cache add   raw: 'bindings@~1.3.0',
136 silly cache add   scope: null,
136 silly cache add   escapedName: 'bindings',
136 silly cache add   name: 'bindings',
136 silly cache add   rawSpec: '~1.3.0',
136 silly cache add   spec: '>=1.3.0 <1.4.0',
136 silly cache add   type: 'range' }
137 silly addNamed bindings@>=1.3.0 <1.4.0
138 verbose addNamed ">=1.3.0 <1.4.0" is a valid semver range for bindings
139 silly addNameRange { name: 'bindings', range: '>=1.3.0 <1.4.0', hasData: false }
140 silly mapToRegistry name bindings
141 silly mapToRegistry using default registry
142 silly mapToRegistry registry https://registry.npmjs.org/
143 silly mapToRegistry data Result {
143 silly mapToRegistry   raw: 'bindings',
143 silly mapToRegistry   scope: null,
143 silly mapToRegistry   escapedName: 'bindings',
143 silly mapToRegistry   name: 'bindings',
143 silly mapToRegistry   rawSpec: '',
143 silly mapToRegistry   spec: 'latest',
143 silly mapToRegistry   type: 'tag' }
144 silly mapToRegistry uri https://registry.npmjs.org/bindings
145 verbose addNameRange registry:https://registry.npmjs.org/bindings not in flight; fetching
146 verbose get https://registry.npmjs.org/bindings not expired, no request
147 silly addNameRange number 2 { name: 'bindings', range: '>=1.3.0 <1.4.0', hasData: true }
148 silly addNameRange versions [ 'bindings',
148 silly addNameRange   [ '0.0.1',
148 silly addNameRange     '0.1.0',
148 silly addNameRange     '0.1.1',
148 silly addNameRange     '0.2.0',
148 silly addNameRange     '0.2.1',
148 silly addNameRange     '0.2.2',
148 silly addNameRange     '0.2.3',
148 silly addNameRange     '0.2.4',
148 silly addNameRange     '0.3.0',
148 silly addNameRange     '0.4.0',
148 silly addNameRange     '1.0.0',
148 silly addNameRange     '1.1.0',
148 silly addNameRange     '1.1.1',
148 silly addNameRange     '1.2.0',
148 silly addNameRange     '1.2.1',
148 silly addNameRange     '1.3.0' ] ]
149 silly addNamed bindings@1.3.0
150 verbose addNamed "1.3.0" is a plain semver version for bindings
151 silly cache afterAdd bindings@1.3.0
152 verbose afterAdd C:\Users\Hannah\AppData\Roaming\npm-cache\bindings\1.3.0\package\package.json not in flight; writing
153 verbose correctMkdir C:\Users\Hannah\AppData\Roaming\npm-cache correctMkdir not in flight; initializing
154 verbose afterAdd C:\Users\Hannah\AppData\Roaming\npm-cache\bindings\1.3.0\package\package.json written
155 silly loadAllDepsIntoIdealTree Finishing
156 silly loadIdealTree Finishing
157 silly currentTree automated-farmer@1.0.0
157 silly currentTree +-- accepts@1.3.4
157 silly currentTree +-- after@0.8.2
157 silly currentTree +-- ansi-regex@2.1.1
157 silly currentTree +-- ansi-styles@2.2.1
157 silly currentTree +-- ansicolors@0.2.1
157 silly currentTree +-- array-find-index@1.0.2
157 silly currentTree +-- array-flatten@1.1.1
157 silly currentTree +-- arraybuffer.slice@0.0.7
157 silly currentTree +-- async-limiter@1.0.0
157 silly currentTree +-- backo2@1.0.2
157 silly currentTree +-- base64-arraybuffer@0.1.5
157 silly currentTree +-- base64id@1.0.0
157 silly currentTree +-- better-assert@1.0.2
157 silly currentTree +-- blob@0.0.4
157 silly currentTree +-- body-parser@1.18.2
157 silly currentTree +-- bower@1.8.2
157 silly currentTree +-- builtin-modules@1.1.1
157 silly currentTree +-- bytes@3.0.0
157 silly currentTree +-- callsite@1.0.0
157 silly currentTree +-- camelcase-keys@2.1.0
157 silly currentTree +-- camelcase@2.1.1
157 silly currentTree +-- cardinal@1.0.0
157 silly currentTree +-- chalk@1.1.3
157 silly currentTree +-- cli-table@0.3.1
157 silly currentTree +-- cli-usage@0.1.4
157 silly currentTree +-- colors@1.0.3
157 silly currentTree +-- component-bind@1.0.0
157 silly currentTree +-- component-emitter@1.2.1
157 silly currentTree +-- component-inherit@0.0.3
157 silly currentTree +-- content-disposition@0.5.2
157 silly currentTree +-- content-type@1.0.4
157 silly currentTree +-- cookie-signature@1.0.6
157 silly currentTree +-- cookie@0.3.1
157 silly currentTree +-- cors@2.8.4
157 silly currentTree +-- crypto-js@3.1.9-1
157 silly currentTree +-- currently-unhandled@0.4.1
157 silly currentTree +-- dateformat@1.0.12
157 silly currentTree +-- debounce@1.1.0
157 silly currentTree +-- debug@2.6.9
157 silly currentTree +-- decamelize@1.2.0
157 silly currentTree +-- depd@1.1.1
157 silly currentTree +-- destroy@1.0.4
157 silly currentTree +-- dynamic-dedupe@0.2.0
157 silly currentTree +-- ee-first@1.1.1
157 silly currentTree +-- encodeurl@1.0.1
157 silly currentTree +-- engine.io-client@3.1.4
157 silly currentTree +-- engine.io-parser@2.1.2
157 silly currentTree +-- engine.io@3.1.4
157 silly currentTree | `-- accepts@1.3.3
157 silly currentTree +-- error-ex@1.3.1
157 silly currentTree +-- escape-html@1.0.3
157 silly currentTree +-- escape-string-regexp@1.0.5
157 silly currentTree +-- esprima@3.0.0
157 silly currentTree +-- etag@1.8.1
157 silly currentTree +-- express@4.16.2
157 silly currentTree | +-- setprototypeof@1.1.0
157 silly currentTree | `-- statuses@1.3.1
157 silly currentTree +-- filewatcher@3.0.1
157 silly currentTree +-- finalhandler@1.1.0
157 silly currentTree | `-- statuses@1.3.1
157 silly currentTree +-- find-up@1.1.2
157 silly currentTree +-- foreach@2.0.5
157 silly currentTree +-- forwarded@0.1.2
157 silly currentTree +-- fresh@0.5.2
157 silly currentTree +-- get-stdin@4.0.1
157 silly currentTree +-- graceful-fs@4.1.11
157 silly currentTree +-- growly@1.3.0
157 silly currentTree +-- has-ansi@2.0.0
157 silly currentTree +-- has-binary2@1.0.2
157 silly currentTree +-- has-cors@1.1.0
157 silly currentTree +-- hosted-git-info@2.5.0
157 silly currentTree +-- http-errors@1.6.2
157 silly currentTree +-- iconv-lite@0.4.19
157 silly currentTree +-- indent-string@2.1.0
157 silly currentTree +-- indexof@0.0.1
157 silly currentTree +-- inherits@2.0.3
157 silly currentTree +-- ipaddr.js@1.5.2
157 silly currentTree +-- is-arrayish@0.2.1
157 silly currentTree +-- is-builtin-module@1.0.0
157 silly currentTree +-- is-finite@1.0.2
157 silly currentTree +-- is-object@0.1.2
157 silly currentTree +-- is-utf8@0.2.1
157 silly currentTree +-- is@0.2.7
157 silly currentTree +-- isarray@2.0.1
157 silly currentTree +-- isexe@2.0.0
157 silly currentTree +-- load-json-file@1.1.0
157 silly currentTree +-- lodash._arraycopy@3.0.0
157 silly currentTree +-- lodash._arrayeach@3.0.0
157 silly currentTree +-- lodash._baseassign@3.2.0
157 silly currentTree +-- lodash._baseclone@3.3.0
157 silly currentTree +-- lodash._basecopy@3.0.1
157 silly currentTree +-- lodash._basefor@3.0.3
157 silly currentTree +-- lodash._bindcallback@3.0.1
157 silly currentTree +-- lodash._getnative@3.9.1
157 silly currentTree +-- lodash.assign@4.2.0
157 silly currentTree +-- lodash.clonedeep@3.0.2
157 silly currentTree +-- lodash.isarguments@3.1.0
157 silly currentTree +-- lodash.isarray@3.0.4
157 silly currentTree +-- lodash.keys@3.1.2
157 silly currentTree +-- lodash.toarray@4.4.0
157 silly currentTree +-- lodash@4.17.4
157 silly currentTree +-- loud-rejection@1.6.0
157 silly currentTree +-- map-obj@1.0.1
157 silly currentTree +-- marked-terminal@1.7.0
157 silly currentTree +-- marked@0.3.6
157 silly currentTree +-- media-typer@0.3.0
157 silly currentTree +-- meow@3.7.0
157 silly currentTree +-- merge-descriptors@1.0.1
157 silly currentTree +-- methods@1.1.2
157 silly currentTree +-- mime-db@1.30.0
157 silly currentTree +-- mime-types@2.1.17
157 silly currentTree +-- mime@1.4.1
157 silly currentTree +-- minimist@1.2.0
157 silly currentTree +-- ms@2.0.0
157 silly currentTree +-- nan@2.8.0
157 silly currentTree +-- negotiator@0.6.1
157 silly currentTree +-- node-dev@3.1.3
157 silly currentTree +-- node-emoji@1.8.1
157 silly currentTree +-- node-notifier@4.6.1
157 silly currentTree +-- normalize-package-data@2.4.0
157 silly currentTree +-- number-is-nan@1.0.1
157 silly currentTree +-- object-assign@4.1.1
157 silly currentTree +-- object-component@0.0.3
157 silly currentTree +-- object-keys@0.2.0
157 silly currentTree +-- on-finished@2.3.0
157 silly currentTree +-- parse-json@2.2.0
157 silly currentTree +-- parseqs@0.0.5
157 silly currentTree +-- parseuri@0.0.5
157 silly currentTree +-- parseurl@1.3.2
157 silly currentTree +-- path-exists@2.1.0
157 silly currentTree +-- path-parse@1.0.5
157 silly currentTree +-- path-to-regexp@0.1.7
157 silly currentTree +-- path-type@1.1.0
157 silly currentTree +-- path@0.12.7
157 silly currentTree +-- pify@2.3.0
157 silly currentTree +-- pinkie-promise@2.0.1
157 silly currentTree +-- pinkie@2.0.4
157 silly currentTree +-- process@0.11.10
157 silly currentTree +-- proxy-addr@2.0.2
157 silly currentTree +-- qs@6.5.1
157 silly currentTree +-- range-parser@1.2.0
157 silly currentTree +-- raw-body@2.3.2
157 silly currentTree +-- read-pkg-up@1.0.1
157 silly currentTree +-- read-pkg@1.1.0
157 silly currentTree +-- redent@1.0.0
157 silly currentTree +-- redeyed@1.0.1
157 silly currentTree +-- repeating@2.0.1
157 silly currentTree +-- resolve@1.5.0
157 silly currentTree +-- safe-buffer@5.1.1
157 silly currentTree +-- semver@5.4.1
157 silly currentTree +-- send@0.16.1
157 silly currentTree | `-- statuses@1.3.1
157 silly currentTree +-- serve-static@1.13.1
157 silly currentTree +-- setprototypeof@1.0.3
157 silly currentTree +-- shellwords@0.1.1
157 silly currentTree +-- signal-exit@3.0.2
157 silly currentTree +-- sleep@5.1.1
157 silly currentTree +-- socket.io-adapter@1.1.1
157 silly currentTree +-- socket.io-client@2.0.4
157 silly currentTree +-- socket.io-parser@3.1.2
157 silly currentTree +-- socket.io@2.0.4
157 silly currentTree +-- spdx-correct@1.0.2
157 silly currentTree +-- spdx-expression-parse@1.0.4
157 silly currentTree +-- spdx-license-ids@1.2.2
157 silly currentTree +-- statuses@1.4.0
157 silly currentTree +-- strip-ansi@3.0.1
157 silly currentTree +-- strip-bom@2.0.0
157 silly currentTree +-- strip-indent@1.0.1
157 silly currentTree +-- supports-color@2.0.0
157 silly currentTree +-- to-array@0.1.4
157 silly currentTree +-- trim-newlines@1.0.0
157 silly currentTree +-- type-is@1.6.15
157 silly currentTree +-- ultron@1.1.1
157 silly currentTree +-- unpipe@1.0.0
157 silly currentTree +-- util@0.10.3
157 silly currentTree | `-- inherits@2.0.1
157 silly currentTree +-- utils-merge@1.0.1
157 silly currentTree +-- uws@0.14.5
157 silly currentTree +-- validate-npm-package-license@3.0.1
157 silly currentTree +-- vary@1.1.2
157 silly currentTree +-- which@1.3.0
157 silly currentTree +-- ws@3.3.3
157 silly currentTree +-- xmlhttprequest-ssl@1.5.5
157 silly currentTree +-- xtend@2.0.6
157 silly currentTree `-- yeast@0.1.2
158 silly idealTree automated-farmer@1.0.0
158 silly idealTree +-- accepts@1.3.4
158 silly idealTree +-- after@0.8.2
158 silly idealTree +-- ansi-regex@2.1.1
158 silly idealTree +-- ansi-styles@2.2.1
158 silly idealTree +-- ansicolors@0.2.1
158 silly idealTree +-- array-find-index@1.0.2
158 silly idealTree +-- array-flatten@1.1.1
158 silly idealTree +-- arraybuffer.slice@0.0.7
158 silly idealTree +-- async-limiter@1.0.0
158 silly idealTree +-- backo2@1.0.2
158 silly idealTree +-- base64-arraybuffer@0.1.5
158 silly idealTree +-- base64id@1.0.0
158 silly idealTree +-- better-assert@1.0.2
158 silly idealTree +-- bindings@1.3.0
158 silly idealTree +-- blob@0.0.4
158 silly idealTree +-- body-parser@1.18.2
158 silly idealTree +-- bower@1.8.2
158 silly idealTree +-- builtin-modules@1.1.1
158 silly idealTree +-- bytes@3.0.0
158 silly idealTree +-- callsite@1.0.0
158 silly idealTree +-- camelcase-keys@2.1.0
158 silly idealTree +-- camelcase@2.1.1
158 silly idealTree +-- cardinal@1.0.0
158 silly idealTree +-- chalk@1.1.3
158 silly idealTree +-- cli-table@0.3.1
158 silly idealTree +-- cli-usage@0.1.4
158 silly idealTree +-- colors@1.0.3
158 silly idealTree +-- component-bind@1.0.0
158 silly idealTree +-- component-emitter@1.2.1
158 silly idealTree +-- component-inherit@0.0.3
158 silly idealTree +-- content-disposition@0.5.2
158 silly idealTree +-- content-type@1.0.4
158 silly idealTree +-- cookie-signature@1.0.6
158 silly idealTree +-- cookie@0.3.1
158 silly idealTree +-- cors@2.8.4
158 silly idealTree +-- crypto-js@3.1.9-1
158 silly idealTree +-- currently-unhandled@0.4.1
158 silly idealTree +-- dateformat@1.0.12
158 silly idealTree +-- debounce@1.1.0
158 silly idealTree +-- debug@2.6.9
158 silly idealTree +-- decamelize@1.2.0
158 silly idealTree +-- depd@1.1.1
158 silly idealTree +-- destroy@1.0.4
158 silly idealTree +-- dynamic-dedupe@0.2.0
158 silly idealTree +-- ee-first@1.1.1
158 silly idealTree +-- encodeurl@1.0.1
158 silly idealTree +-- engine.io-client@3.1.4
158 silly idealTree +-- engine.io-parser@2.1.2
158 silly idealTree +-- engine.io@3.1.4
158 silly idealTree | `-- accepts@1.3.3
158 silly idealTree +-- epoll@1.0.2
158 silly idealTree +-- error-ex@1.3.1
158 silly idealTree +-- escape-html@1.0.3
158 silly idealTree +-- escape-string-regexp@1.0.5
158 silly idealTree +-- esprima@3.0.0
158 silly idealTree +-- etag@1.8.1
158 silly idealTree +-- express@4.16.2
158 silly idealTree | +-- setprototypeof@1.1.0
158 silly idealTree | `-- statuses@1.3.1
158 silly idealTree +-- filewatcher@3.0.1
158 silly idealTree +-- finalhandler@1.1.0
158 silly idealTree | `-- statuses@1.3.1
158 silly idealTree +-- find-up@1.1.2
158 silly idealTree +-- foreach@2.0.5
158 silly idealTree +-- forwarded@0.1.2
158 silly idealTree +-- fresh@0.5.2
158 silly idealTree +-- get-stdin@4.0.1
158 silly idealTree +-- graceful-fs@4.1.11
158 silly idealTree +-- growly@1.3.0
158 silly idealTree +-- has-ansi@2.0.0
158 silly idealTree +-- has-binary2@1.0.2
158 silly idealTree +-- has-cors@1.1.0
158 silly idealTree +-- hosted-git-info@2.5.0
158 silly idealTree +-- http-errors@1.6.2
158 silly idealTree +-- iconv-lite@0.4.19
158 silly idealTree +-- indent-string@2.1.0
158 silly idealTree +-- indexof@0.0.1
158 silly idealTree +-- inherits@2.0.3
158 silly idealTree +-- ipaddr.js@1.5.2
158 silly idealTree +-- is-arrayish@0.2.1
158 silly idealTree +-- is-builtin-module@1.0.0
158 silly idealTree +-- is-finite@1.0.2
158 silly idealTree +-- is-object@0.1.2
158 silly idealTree +-- is-utf8@0.2.1
158 silly idealTree +-- is@0.2.7
158 silly idealTree +-- isarray@2.0.1
158 silly idealTree +-- isexe@2.0.0
158 silly idealTree +-- load-json-file@1.1.0
158 silly idealTree +-- lodash._arraycopy@3.0.0
158 silly idealTree +-- lodash._arrayeach@3.0.0
158 silly idealTree +-- lodash._baseassign@3.2.0
158 silly idealTree +-- lodash._baseclone@3.3.0
158 silly idealTree +-- lodash._basecopy@3.0.1
158 silly idealTree +-- lodash._basefor@3.0.3
158 silly idealTree +-- lodash._bindcallback@3.0.1
158 silly idealTree +-- lodash._getnative@3.9.1
158 silly idealTree +-- lodash.assign@4.2.0
158 silly idealTree +-- lodash.clonedeep@3.0.2
158 silly idealTree +-- lodash.isarguments@3.1.0
158 silly idealTree +-- lodash.isarray@3.0.4
158 silly idealTree +-- lodash.keys@3.1.2
158 silly idealTree +-- lodash.toarray@4.4.0
158 silly idealTree +-- lodash@4.17.4
158 silly idealTree +-- loud-rejection@1.6.0
158 silly idealTree +-- map-obj@1.0.1
158 silly idealTree +-- marked-terminal@1.7.0
158 silly idealTree +-- marked@0.3.6
158 silly idealTree +-- media-typer@0.3.0
158 silly idealTree +-- meow@3.7.0
158 silly idealTree +-- merge-descriptors@1.0.1
158 silly idealTree +-- methods@1.1.2
158 silly idealTree +-- mime-db@1.30.0
158 silly idealTree +-- mime-types@2.1.17
158 silly idealTree +-- mime@1.4.1
158 silly idealTree +-- minimist@1.2.0
158 silly idealTree +-- ms@2.0.0
158 silly idealTree +-- nan@2.8.0
158 silly idealTree +-- negotiator@0.6.1
158 silly idealTree +-- node-dev@3.1.3
158 silly idealTree +-- node-emoji@1.8.1
158 silly idealTree +-- node-notifier@4.6.1
158 silly idealTree +-- normalize-package-data@2.4.0
158 silly idealTree +-- number-is-nan@1.0.1
158 silly idealTree +-- object-assign@4.1.1
158 silly idealTree +-- object-component@0.0.3
158 silly idealTree +-- object-keys@0.2.0
158 silly idealTree +-- on-finished@2.3.0
158 silly idealTree +-- onoff@1.2.0
158 silly idealTree +-- parse-json@2.2.0
158 silly idealTree +-- parseqs@0.0.5
158 silly idealTree +-- parseuri@0.0.5
158 silly idealTree +-- parseurl@1.3.2
158 silly idealTree +-- path-exists@2.1.0
158 silly idealTree +-- path-parse@1.0.5
158 silly idealTree +-- path-to-regexp@0.1.7
158 silly idealTree +-- path-type@1.1.0
158 silly idealTree +-- path@0.12.7
158 silly idealTree +-- pify@2.3.0
158 silly idealTree +-- pinkie-promise@2.0.1
158 silly idealTree +-- pinkie@2.0.4
158 silly idealTree +-- process@0.11.10
158 silly idealTree +-- proxy-addr@2.0.2
158 silly idealTree +-- qs@6.5.1
158 silly idealTree +-- range-parser@1.2.0
158 silly idealTree +-- raw-body@2.3.2
158 silly idealTree +-- read-pkg-up@1.0.1
158 silly idealTree +-- read-pkg@1.1.0
158 silly idealTree +-- redent@1.0.0
158 silly idealTree +-- redeyed@1.0.1
158 silly idealTree +-- repeating@2.0.1
158 silly idealTree +-- resolve@1.5.0
158 silly idealTree +-- safe-buffer@5.1.1
158 silly idealTree +-- semver@5.4.1
158 silly idealTree +-- send@0.16.1
158 silly idealTree | `-- statuses@1.3.1
158 silly idealTree +-- serve-static@1.13.1
158 silly idealTree +-- setprototypeof@1.0.3
158 silly idealTree +-- shellwords@0.1.1
158 silly idealTree +-- signal-exit@3.0.2
158 silly idealTree +-- sleep@5.1.1
158 silly idealTree +-- socket.io-adapter@1.1.1
158 silly idealTree +-- socket.io-client@2.0.4
158 silly idealTree +-- socket.io-parser@3.1.2
158 silly idealTree +-- socket.io@2.0.4
158 silly idealTree +-- spdx-correct@1.0.2
158 silly idealTree +-- spdx-expression-parse@1.0.4
158 silly idealTree +-- spdx-license-ids@1.2.2
158 silly idealTree +-- statuses@1.4.0
158 silly idealTree +-- strip-ansi@3.0.1
158 silly idealTree +-- strip-bom@2.0.0
158 silly idealTree +-- strip-indent@1.0.1
158 silly idealTree +-- supports-color@2.0.0
158 silly idealTree +-- to-array@0.1.4
158 silly idealTree +-- trim-newlines@1.0.0
158 silly idealTree +-- type-is@1.6.15
158 silly idealTree +-- ultron@1.1.1
158 silly idealTree +-- unpipe@1.0.0
158 silly idealTree +-- util@0.10.3
158 silly idealTree | `-- inherits@2.0.1
158 silly idealTree +-- utils-merge@1.0.1
158 silly idealTree +-- uws@0.14.5
158 silly idealTree +-- validate-npm-package-license@3.0.1
158 silly idealTree +-- vary@1.1.2
158 silly idealTree +-- which@1.3.0
158 silly idealTree +-- ws@3.3.3
158 silly idealTree +-- xmlhttprequest-ssl@1.5.5
158 silly idealTree +-- xtend@2.0.6
158 silly idealTree `-- yeast@0.1.2
159 silly generateActionsToTake Starting
160 silly install generateActionsToTake
161 silly generateActionsToTake Finishing
162 silly diffTrees action count 3
163 silly diffTrees add bindings@1.3.0
164 silly diffTrees add epoll@1.0.2
165 silly diffTrees add onoff@1.2.0
166 silly decomposeActions action count 24
167 silly decomposeActions fetch bindings@1.3.0
168 silly decomposeActions extract bindings@1.3.0
169 silly decomposeActions test bindings@1.3.0
170 silly decomposeActions preinstall bindings@1.3.0
171 silly decomposeActions build bindings@1.3.0
172 silly decomposeActions install bindings@1.3.0
173 silly decomposeActions postinstall bindings@1.3.0
174 silly decomposeActions finalize bindings@1.3.0
175 silly decomposeActions fetch epoll@1.0.2
176 silly decomposeActions extract epoll@1.0.2
177 silly decomposeActions test epoll@1.0.2
178 silly decomposeActions preinstall epoll@1.0.2
179 silly decomposeActions build epoll@1.0.2
180 silly decomposeActions install epoll@1.0.2
181 silly decomposeActions postinstall epoll@1.0.2
182 silly decomposeActions finalize epoll@1.0.2
183 silly decomposeActions fetch onoff@1.2.0
184 silly decomposeActions extract onoff@1.2.0
185 silly decomposeActions test onoff@1.2.0
186 silly decomposeActions preinstall onoff@1.2.0
187 silly decomposeActions build onoff@1.2.0
188 silly decomposeActions install onoff@1.2.0
189 silly decomposeActions postinstall onoff@1.2.0
190 silly decomposeActions finalize onoff@1.2.0
191 silly runTopLevelLifecycles Starting
192 silly install runPreinstallTopLevelLifecycles
193 silly preinstall automated-farmer@1.0.0 C:\Users\Hannah\Google Drive\4th yer\1st sem\CMSC198.1\AutomatedFarmer\automated-farmer-5b5c4523
194 info lifecycle automated-farmer@1.0.0~preinstall: automated-farmer@1.0.0
195 silly lifecycle automated-farmer@1.0.0~preinstall: no script for preinstall, continuing
196 silly executeActions Starting
197 silly install executeActions
198 silly doSerial global-install 0
199 silly doParallel fetch 3
200 verbose correctMkdir C:\Users\Hannah\AppData\Roaming\npm-cache\_locks correctMkdir not in flight; initializing
201 verbose lock using C:\Users\Hannah\AppData\Roaming\npm-cache\_locks\staging-a19e3a58c1145506.lock for C:\Users\Hannah\Google Drive\4th yer\1st sem\CMSC198.1\AutomatedFarmer\node_modules\.staging
202 silly doParallel extract 3
203 silly extract bindings@1.3.0
204 silly extract epoll@1.0.2
205 silly extract onoff@1.2.0
206 verbose unbuild node_modules\.staging\bindings-fc53f3b5
207 verbose unbuild node_modules\.staging\onoff-92acbc82
208 verbose unbuild node_modules\.staging\epoll-3d99a390
209 silly gentlyRm C:\Users\Hannah\Google Drive\4th yer\1st sem\CMSC198.1\AutomatedFarmer\node_modules\.staging\bindings-fc53f3b5 is being purged from base C:\Users\Hannah\Google Drive\4th yer\1st sem\CMSC198.1\AutomatedFarmer
210 verbose gentlyRm don't care about contents; nuking C:\Users\Hannah\Google Drive\4th yer\1st sem\CMSC198.1\AutomatedFarmer\node_modules\.staging\bindings-fc53f3b5
211 verbose tar unpack C:\Users\Hannah\AppData\Roaming\npm-cache\bindings\1.3.0\package.tgz
212 verbose tar unpacking to C:\Users\Hannah\Google Drive\4th yer\1st sem\CMSC198.1\AutomatedFarmer\node_modules\.staging\bindings-fc53f3b5
213 silly gentlyRm C:\Users\Hannah\Google Drive\4th yer\1st sem\CMSC198.1\AutomatedFarmer\node_modules\.staging\bindings-fc53f3b5 is being purged
214 verbose gentlyRm don't care about contents; nuking C:\Users\Hannah\Google Drive\4th yer\1st sem\CMSC198.1\AutomatedFarmer\node_modules\.staging\bindings-fc53f3b5
215 silly gentlyRm C:\Users\Hannah\Google Drive\4th yer\1st sem\CMSC198.1\AutomatedFarmer\node_modules\.staging\onoff-92acbc82 is being purged from base C:\Users\Hannah\Google Drive\4th yer\1st sem\CMSC198.1\AutomatedFarmer
216 verbose gentlyRm don't care about contents; nuking C:\Users\Hannah\Google Drive\4th yer\1st sem\CMSC198.1\AutomatedFarmer\node_modules\.staging\onoff-92acbc82
217 silly gentlyRm C:\Users\Hannah\Google Drive\4th yer\1st sem\CMSC198.1\AutomatedFarmer\node_modules\.staging\epoll-3d99a390 is being purged from base C:\Users\Hannah\Google Drive\4th yer\1st sem\CMSC198.1\AutomatedFarmer
218 verbose gentlyRm don't care about contents; nuking C:\Users\Hannah\Google Drive\4th yer\1st sem\CMSC198.1\AutomatedFarmer\node_modules\.staging\epoll-3d99a390
219 silly gunzTarPerm modes [ '777', '666' ]
220 verbose tar unpack C:\Users\Hannah\AppData\Roaming\npm-cache\onoff\1.2.0\package.tgz
221 verbose tar unpacking to C:\Users\Hannah\Google Drive\4th yer\1st sem\CMSC198.1\AutomatedFarmer\node_modules\.staging\onoff-92acbc82
222 silly gentlyRm C:\Users\Hannah\Google Drive\4th yer\1st sem\CMSC198.1\AutomatedFarmer\node_modules\.staging\onoff-92acbc82 is being purged
223 verbose gentlyRm don't care about contents; nuking C:\Users\Hannah\Google Drive\4th yer\1st sem\CMSC198.1\AutomatedFarmer\node_modules\.staging\onoff-92acbc82
224 verbose tar unpack C:\Users\Hannah\AppData\Roaming\npm-cache\epoll\1.0.2\package.tgz
225 verbose tar unpacking to C:\Users\Hannah\Google Drive\4th yer\1st sem\CMSC198.1\AutomatedFarmer\node_modules\.staging\epoll-3d99a390
226 silly gentlyRm C:\Users\Hannah\Google Drive\4th yer\1st sem\CMSC198.1\AutomatedFarmer\node_modules\.staging\epoll-3d99a390 is being purged
227 verbose gentlyRm don't care about contents; nuking C:\Users\Hannah\Google Drive\4th yer\1st sem\CMSC198.1\AutomatedFarmer\node_modules\.staging\epoll-3d99a390
228 silly gunzTarPerm modes [ '777', '666' ]
229 silly gunzTarPerm modes [ '777', '666' ]
230 silly gunzTarPerm extractEntry package.json
231 silly gunzTarPerm modified mode [ 'package.json', 420, 438 ]
232 silly gunzTarPerm extractEntry package.json
233 silly gunzTarPerm modified mode [ 'package.json', 436, 438 ]
234 silly gunzTarPerm extractEntry package.json
235 silly gunzTarPerm modified mode [ 'package.json', 436, 438 ]
236 silly gunzTarPerm extractEntry README.md
237 silly gunzTarPerm modified mode [ 'README.md', 420, 438 ]
238 silly gunzTarPerm extractEntry bindings.js
239 silly gunzTarPerm modified mode [ 'bindings.js', 420, 438 ]
240 silly gunzTarPerm extractEntry History.md
241 silly gunzTarPerm modified mode [ 'History.md', 436, 438 ]
242 silly gunzTarPerm extractEntry LICENSE
243 silly gunzTarPerm modified mode [ 'LICENSE', 436, 438 ]
244 silly gunzTarPerm extractEntry binding.gyp
245 silly gunzTarPerm modified mode [ 'binding.gyp', 436, 438 ]
246 silly gunzTarPerm extractEntry epoll.js
247 silly gunzTarPerm modified mode [ 'epoll.js', 436, 438 ]
248 silly gunzTarPerm extractEntry onoff.js
249 silly gunzTarPerm modified mode [ 'onoff.js', 436, 438 ]
250 silly gunzTarPerm extractEntry History.md
251 silly gunzTarPerm modified mode [ 'History.md', 436, 438 ]
252 silly gunzTarPerm extractEntry LICENSE
253 silly gunzTarPerm modified mode [ 'LICENSE', 436, 438 ]
254 silly gunzTarPerm extractEntry README.md
255 silly gunzTarPerm modified mode [ 'README.md', 436, 438 ]
256 silly gunzTarPerm extractEntry examples/blink-led-async.js
257 silly gunzTarPerm modified mode [ 'examples/blink-led-async.js', 436, 438 ]
258 silly gunzTarPerm extractEntry examples/blink-led.js
259 silly gunzTarPerm modified mode [ 'examples/blink-led.js', 436, 438 ]
260 silly gunzTarPerm extractEntry README.md
261 silly gunzTarPerm modified mode [ 'README.md', 436, 438 ]
262 silly gunzTarPerm extractEntry example/interrupts-per-second/export
263 silly gunzTarPerm modified mode [ 'example/interrupts-per-second/export', 509, 511 ]
264 silly gunzTarPerm extractEntry example/interrupts-per-second/interrupts-per-second.js
265 silly gunzTarPerm modified mode [ 'example/interrupts-per-second/interrupts-per-second.js',
265 silly gunzTarPerm   436,
265 silly gunzTarPerm   438 ]
266 silly gunzTarPerm extractEntry example/interrupts-per-second/unexport
267 silly gunzTarPerm modified mode [ 'example/interrupts-per-second/unexport', 509, 511 ]
268 silly gunzTarPerm extractEntry example/watch-button/export
269 silly gunzTarPerm modified mode [ 'example/watch-button/export', 509, 511 ]
270 silly gunzTarPerm extractEntry example/watch-button/unexport
271 silly gunzTarPerm modified mode [ 'example/watch-button/unexport', 509, 511 ]
272 silly gunzTarPerm extractEntry example/watch-button/watch-button.js
273 silly gunzTarPerm modified mode [ 'example/watch-button/watch-button.js', 436, 438 ]
274 silly gunzTarPerm extractEntry src/epoll.cc
275 silly gunzTarPerm modified mode [ 'src/epoll.cc', 436, 438 ]
276 silly gunzTarPerm extractEntry src/epoll.h
277 silly gunzTarPerm modified mode [ 'src/epoll.h', 436, 438 ]
278 silly gunzTarPerm extractEntry test/brute-force-leak-check.js
279 silly gunzTarPerm modified mode [ 'test/brute-force-leak-check.js', 436, 438 ]
280 silly gunzTarPerm extractEntry test/closed.js
281 silly gunzTarPerm modified mode [ 'test/closed.js', 436, 438 ]
282 silly gunzTarPerm extractEntry test/do-almost-nothing.js
283 silly gunzTarPerm modified mode [ 'test/do-almost-nothing.js', 436, 438 ]
284 silly gunzTarPerm extractEntry test/do-nothing.js
285 silly gunzTarPerm modified mode [ 'test/do-nothing.js', 436, 438 ]
286 silly gunzTarPerm extractEntry test/no-gc-allowed.js
287 silly gunzTarPerm modified mode [ 'test/no-gc-allowed.js', 436, 438 ]
288 silly gunzTarPerm extractEntry test/one-shot.js
289 silly gunzTarPerm modified mode [ 'test/one-shot.js', 436, 438 ]
290 silly gunzTarPerm extractEntry test/performance-check.js
291 silly gunzTarPerm modified mode [ 'test/performance-check.js', 436, 438 ]
292 silly gunzTarPerm extractEntry test/run-tests
293 silly gunzTarPerm modified mode [ 'test/run-tests', 509, 511 ]
294 silly gunzTarPerm extractEntry test/two-shot.js
295 silly gunzTarPerm modified mode [ 'test/two-shot.js', 436, 438 ]
296 silly gunzTarPerm extractEntry test/util.js
297 silly gunzTarPerm modified mode [ 'test/util.js', 436, 438 ]
298 silly gunzTarPerm extractEntry test/verify-events.js
299 silly gunzTarPerm modified mode [ 'test/verify-events.js', 436, 438 ]
300 silly gunzTarPerm extractEntry examples/light-switch.js
301 silly gunzTarPerm modified mode [ 'examples/light-switch.js', 436, 438 ]
302 silly gunzTarPerm extractEntry examples/light-switch.png
303 silly gunzTarPerm modified mode [ 'examples/light-switch.png', 436, 438 ]
304 silly gentlyRm C:\Users\Hannah\Google Drive\4th yer\1st sem\CMSC198.1\AutomatedFarmer\node_modules\.staging\bindings-fc53f3b5\node_modules is being purged
305 verbose gentlyRm don't care about contents; nuking C:\Users\Hannah\Google Drive\4th yer\1st sem\CMSC198.1\AutomatedFarmer\node_modules\.staging\bindings-fc53f3b5\node_modules
306 silly gunzTarPerm extractEntry examples/mygpio-overlay.dts
307 silly gunzTarPerm modified mode [ 'examples/mygpio-overlay.dts', 436, 438 ]
308 silly gunzTarPerm extractEntry examples/run-examples
309 silly gunzTarPerm modified mode [ 'examples/run-examples', 509, 511 ]
310 silly gunzTarPerm extractEntry examples/wait-for-interrupt.js
311 silly gunzTarPerm modified mode [ 'examples/wait-for-interrupt.js', 436, 438 ]
312 silly gunzTarPerm extractEntry test/blink-led.js
313 silly gunzTarPerm modified mode [ 'test/blink-led.js', 436, 438 ]
314 silly gunzTarPerm extractEntry test/configure-and-check-active-low.js
315 silly gunzTarPerm modified mode [ 'test/configure-and-check-active-low.js', 436, 438 ]
316 silly gunzTarPerm extractEntry test/configure-and-check-input.js
317 silly gunzTarPerm modified mode [ 'test/configure-and-check-input.js', 436, 438 ]
318 silly gunzTarPerm extractEntry test/configure-and-check-output.js
319 silly gunzTarPerm modified mode [ 'test/configure-and-check-output.js', 436, 438 ]
320 silly gunzTarPerm extractEntry test/export-many-times.js
321 silly gunzTarPerm modified mode [ 'test/export-many-times.js', 436, 438 ]
322 silly gunzTarPerm extractEntry test/many-interrupts.js
323 silly gunzTarPerm modified mode [ 'test/many-interrupts.js', 436, 438 ]
324 silly gunzTarPerm extractEntry test/output-with-edge-bug.js
325 silly gunzTarPerm modified mode [ 'test/output-with-edge-bug.js', 436, 438 ]
326 silly gunzTarPerm extractEntry test/performance-async.js
327 silly gunzTarPerm modified mode [ 'test/performance-async.js', 436, 438 ]
328 silly gunzTarPerm extractEntry test/performance-interrupt.js
329 silly gunzTarPerm modified mode [ 'test/performance-interrupt.js', 436, 438 ]
330 silly gunzTarPerm extractEntry test/performance-sync.js
331 silly gunzTarPerm modified mode [ 'test/performance-sync.js', 436, 438 ]
332 silly gunzTarPerm extractEntry test/run-tests
333 silly gunzTarPerm modified mode [ 'test/run-tests', 509, 511 ]
334 silly gunzTarPerm extractEntry test/wait-for-interrupt.js
335 silly gunzTarPerm modified mode [ 'test/wait-for-interrupt.js', 436, 438 ]
336 silly gunzTarPerm extractEntry test/wait-for-many-interrupts.js
337 silly gunzTarPerm modified mode [ 'test/wait-for-many-interrupts.js', 436, 438 ]
338 silly gentlyRm C:\Users\Hannah\Google Drive\4th yer\1st sem\CMSC198.1\AutomatedFarmer\node_modules\.staging\epoll-3d99a390\node_modules is being purged
339 verbose gentlyRm don't care about contents; nuking C:\Users\Hannah\Google Drive\4th yer\1st sem\CMSC198.1\AutomatedFarmer\node_modules\.staging\epoll-3d99a390\node_modules
340 silly gentlyRm C:\Users\Hannah\Google Drive\4th yer\1st sem\CMSC198.1\AutomatedFarmer\node_modules\.staging\onoff-92acbc82\node_modules is being purged
341 verbose gentlyRm don't care about contents; nuking C:\Users\Hannah\Google Drive\4th yer\1st sem\CMSC198.1\AutomatedFarmer\node_modules\.staging\onoff-92acbc82\node_modules
342 silly doParallel preinstall 3
343 silly preinstall bindings@1.3.0 C:\Users\Hannah\Google Drive\4th yer\1st sem\CMSC198.1\AutomatedFarmer\node_modules\.staging\bindings-fc53f3b5
344 info lifecycle bindings@1.3.0~preinstall: bindings@1.3.0
345 silly preinstall epoll@1.0.2 C:\Users\Hannah\Google Drive\4th yer\1st sem\CMSC198.1\AutomatedFarmer\node_modules\.staging\epoll-3d99a390
346 info lifecycle epoll@1.0.2~preinstall: epoll@1.0.2
347 silly preinstall onoff@1.2.0 C:\Users\Hannah\Google Drive\4th yer\1st sem\CMSC198.1\AutomatedFarmer\node_modules\.staging\onoff-92acbc82
348 info lifecycle onoff@1.2.0~preinstall: onoff@1.2.0
349 silly lifecycle bindings@1.3.0~preinstall: no script for preinstall, continuing
350 silly lifecycle epoll@1.0.2~preinstall: no script for preinstall, continuing
351 silly lifecycle onoff@1.2.0~preinstall: no script for preinstall, continuing
352 silly doReverseSerial remove 0
353 silly doSerial move 0
354 silly doSerial finalize 3
355 silly finalize C:\Users\Hannah\Google Drive\4th yer\1st sem\CMSC198.1\AutomatedFarmer\node_modules\bindings
356 silly finalize C:\Users\Hannah\Google Drive\4th yer\1st sem\CMSC198.1\AutomatedFarmer\node_modules\epoll
357 silly finalize C:\Users\Hannah\Google Drive\4th yer\1st sem\CMSC198.1\AutomatedFarmer\node_modules\onoff
358 silly doSerial build 3
359 silly build bindings@1.3.0
360 info linkStuff bindings@1.3.0
361 silly linkStuff bindings@1.3.0 has C:\Users\Hannah\Google Drive\4th yer\1st sem\CMSC198.1\AutomatedFarmer\node_modules as its parent node_modules
362 verbose linkBins bindings@1.3.0
363 verbose linkMans bindings@1.3.0
364 silly build epoll@1.0.2
365 info linkStuff epoll@1.0.2
366 silly linkStuff epoll@1.0.2 has C:\Users\Hannah\Google Drive\4th yer\1st sem\CMSC198.1\AutomatedFarmer\node_modules as its parent node_modules
367 verbose linkBins epoll@1.0.2
368 verbose linkMans epoll@1.0.2
369 silly build onoff@1.2.0
370 info linkStuff onoff@1.2.0
371 silly linkStuff onoff@1.2.0 has C:\Users\Hannah\Google Drive\4th yer\1st sem\CMSC198.1\AutomatedFarmer\node_modules as its parent node_modules
372 verbose linkBins onoff@1.2.0
373 verbose linkMans onoff@1.2.0
374 silly doSerial global-link 0
375 silly doParallel update-linked 0
376 silly doSerial install 3
377 silly install bindings@1.3.0 C:\Users\Hannah\Google Drive\4th yer\1st sem\CMSC198.1\AutomatedFarmer\node_modules\.staging\bindings-fc53f3b5
378 info lifecycle bindings@1.3.0~install: bindings@1.3.0
379 silly lifecycle bindings@1.3.0~install: no script for install, continuing
380 silly install epoll@1.0.2 C:\Users\Hannah\Google Drive\4th yer\1st sem\CMSC198.1\AutomatedFarmer\node_modules\.staging\epoll-3d99a390
381 info lifecycle epoll@1.0.2~install: epoll@1.0.2
382 verbose lifecycle epoll@1.0.2~install: unsafe-perm in lifecycle true
383 verbose lifecycle epoll@1.0.2~install: PATH: C:\Program Files\nodejs\node_modules\npm\bin\node-gyp-bin;C:\Users\Hannah\Google Drive\4th yer\1st sem\CMSC198.1\AutomatedFarmer\node_modules\epoll\node_modules\.bin;C:\Users\Hannah\Google Drive\4th yer\1st sem\CMSC198.1\AutomatedFarmer\node_modules\.bin;C:\Users\Hannah\bin;C:\Program Files\Git\mingw64\bin;C:\Program Files\Git\usr\local\bin;C:\Program Files\Git\usr\bin;C:\Program Files\Git\usr\bin;C:\Program Files\Git\mingw64\bin;C:\Program Files\Git\usr\bin;C:\Users\Hannah\bin;C:\ProgramData\Oracle\Java\javapath;C:\Windows\system32;C:\Windows;C:\Windows\System32\Wbem;C:\Windows\System32\WindowsPowerShell\v1.0;C:\Program Files\nodejs;C:\Users\Hannah\AppData\Local\Microsoft\WindowsApps;C:\Users\Hannah\AppData\Roaming\npm;C:\Users\Hannah\AppData\Local\Programs\Python\Python36-32\Scripts;C:\Users\Hannah\AppData\Local\Programs\Python\Python36-32;C:\Users\Hannah\AppData\Local\Programs\Python\Python36-32\Lib\site-packages;C:\Program Files\Git\usr\bin\vendor_perl;C:\Program Files\Git\usr\bin\core_perl
384 verbose lifecycle epoll@1.0.2~install: CWD: C:\Users\Hannah\Google Drive\4th yer\1st sem\CMSC198.1\AutomatedFarmer\node_modules\epoll
385 silly lifecycle epoll@1.0.2~install: Args: [ '/d /s /c', 'node-gyp rebuild' ]
386 silly lifecycle epoll@1.0.2~install: Returned: code: 1  signal: null
387 info lifecycle epoll@1.0.2~install: Failed to exec install script
388 verbose unlock done using C:\Users\Hannah\AppData\Roaming\npm-cache\_locks\staging-a19e3a58c1145506.lock for C:\Users\Hannah\Google Drive\4th yer\1st sem\CMSC198.1\AutomatedFarmer\node_modules\.staging
389 silly rollbackFailedOptional Starting
390 silly rollbackFailedOptional Finishing
391 silly runTopLevelLifecycles Finishing
392 silly install printInstalled
393 verbose stack Error: epoll@1.0.2 install: `node-gyp rebuild`
393 verbose stack Exit status 1
393 verbose stack     at EventEmitter.<anonymous> (C:\Program Files\nodejs\node_modules\npm\lib\utils\lifecycle.js:255:16)
393 verbose stack     at emitTwo (events.js:106:13)
393 verbose stack     at EventEmitter.emit (events.js:191:7)
393 verbose stack     at ChildProcess.<anonymous> (C:\Program Files\nodejs\node_modules\npm\lib\utils\spawn.js:40:14)
393 verbose stack     at emitTwo (events.js:106:13)
393 verbose stack     at ChildProcess.emit (events.js:191:7)
393 verbose stack     at maybeClose (internal/child_process.js:920:16)
393 verbose stack     at Process.ChildProcess._handle.onexit (internal/child_process.js:230:5)
394 verbose pkgid epoll@1.0.2
395 verbose cwd C:\Users\Hannah\Google Drive\4th yer\1st sem\CMSC198.1\AutomatedFarmer
396 error Windows_NT 10.0.15063
397 error argv "C:\\Program Files\\nodejs\\node.exe" "C:\\Program Files\\nodejs\\node_modules\\npm\\bin\\npm-cli.js" "install"
398 error node v6.11.3
399 error npm  v3.10.10
400 error code ELIFECYCLE
401 error epoll@1.0.2 install: `node-gyp rebuild`
401 error Exit status 1
402 error Failed at the epoll@1.0.2 install script 'node-gyp rebuild'.
402 error Make sure you have the latest version of node.js and npm installed.
402 error If you do, this is most likely a problem with the epoll package,
402 error not with npm itself.
402 error Tell the author that this fails on your system:
402 error     node-gyp rebuild
402 error You can get information on how to open an issue for this project with:
402 error     npm bugs epoll
402 error Or if that isn't available, you can get their info via:
402 error     npm owner ls epoll
402 error There is likely additional logging output above.
403 verbose exit [ 1, true ]
